<?xml version="1.0" encoding="UTF-8"?>
<!-- Generated by org.testng.reporters.JUnitReportReporter -->
<testsuite skipped="0" hostname="LAPTOP-O7BRKD6N" name="testLoginpackages.TestActiTimeValidLogin" tests="1" failures="0" timestamp="2021-11-18T10:04:36 IST" time="5.851" errors="0">
  <testcase name="loginActitime" time="5.851" classname="testLoginpackages.TestActiTimeValidLogin"/>
  <system-out/>
</testsuite> <!-- testLoginpackages.TestActiTimeValidLogin -->
